{"/Users/jomsaruj/Desktop/Server/src/helpers/helper.js": {"path":"/Users/jomsaruj/Desktop/Server/src/helpers/helper.js","statementMap":{"0":{"start":{"line":2,"column":22},"end":{"line":2,"column":43}},"1":{"start":{"line":3,"column":21},"end":{"line":3,"column":78}},"2":{"start":{"line":4,"column":4},"end":{"line":4,"column":55}},"3":{"start":{"line":8,"column":18},"end":{"line":12,"column":5}},"4":{"start":{"line":13,"column":4},"end":{"line":13,"column":18}},"5":{"start":{"line":17,"column":29},"end":{"line":17,"column":44}},"6":{"start":{"line":18,"column":4},"end":{"line":18,"column":39}},"7":{"start":{"line":22,"column":24},"end":{"line":22,"column":26}},"8":{"start":{"line":23,"column":4},"end":{"line":26,"column":5}},"9":{"start":{"line":24,"column":25},"end":{"line":24,"column":47}},"10":{"start":{"line":25,"column":8},"end":{"line":25,"column":38}},"11":{"start":{"line":27,"column":4},"end":{"line":27,"column":24}},"12":{"start":{"line":32,"column":4},"end":{"line":42,"column":5}},"13":{"start":{"line":33,"column":8},"end":{"line":33,"column":19}},"14":{"start":{"line":36,"column":9},"end":{"line":42,"column":5}},"15":{"start":{"line":37,"column":8},"end":{"line":37,"column":19}},"16":{"start":{"line":41,"column":8},"end":{"line":41,"column":19}},"17":{"start":{"line":82,"column":0},"end":{"line":82,"column":95}}},"fnMap":{"0":{"name":"calcAge","decl":{"start":{"line":1,"column":9},"end":{"line":1,"column":16}},"loc":{"start":{"line":1,"column":29},"end":{"line":5,"column":1}},"line":1},"1":{"name":"convertGovJson","decl":{"start":{"line":7,"column":9},"end":{"line":7,"column":23}},"loc":{"start":{"line":7,"column":34},"end":{"line":14,"column":1}},"line":7},"2":{"name":"toSlashDate","decl":{"start":{"line":16,"column":9},"end":{"line":16,"column":20}},"loc":{"start":{"line":16,"column":27},"end":{"line":19,"column":1}},"line":16},"3":{"name":"modifyPeopleList","decl":{"start":{"line":21,"column":9},"end":{"line":21,"column":25}},"loc":{"start":{"line":21,"column":42},"end":{"line":28,"column":1}},"line":21},"4":{"name":"setPriorityPerson","decl":{"start":{"line":30,"column":9},"end":{"line":30,"column":26}},"loc":{"start":{"line":30,"column":35},"end":{"line":43,"column":1}},"line":30}},"branchMap":{"0":{"loc":{"start":{"line":32,"column":4},"end":{"line":42,"column":5}},"type":"if","locations":[{"start":{"line":32,"column":4},"end":{"line":42,"column":5}},{"start":{"line":36,"column":9},"end":{"line":42,"column":5}}],"line":32},"1":{"loc":{"start":{"line":36,"column":9},"end":{"line":42,"column":5}},"type":"if","locations":[{"start":{"line":36,"column":9},"end":{"line":42,"column":5}},{"start":{"line":40,"column":9},"end":{"line":42,"column":5}}],"line":36}},"s":{"0":22,"1":22,"2":22,"3":14,"4":14,"5":2,"6":2,"7":2,"8":2,"9":4,"10":4,"11":2,"12":11,"13":4,"14":7,"15":3,"16":4,"17":1},"f":{"0":22,"1":14,"2":2,"3":2,"4":11},"b":{"0":[4,7],"1":[3,4]},"_coverageSchema":"1a1c01bbd47fc00a2c39e90264f33305004495a9","hash":"c5254072ea88a2d2ab77278ce188b8d14b33898d"}
}
